{"sessionId": "dd4a47", "hypothesisId": "A", "location": "commands.py:setup_bot_commands", "message": "default scope ok", "data": {"command_count": 1}, "timestamp": 1780324272991, "runId": "post-fix"}
{"sessionId": "dd4a47", "hypothesisId": "A", "location": "commands.py:setup_bot_commands", "message": "admin chat scope ok", "data": {"admin_id": 1105275492, "scope": "chat"}, "timestamp": 1780324273155, "runId": "post-fix"}
{"sessionId": "dd4a47", "hypothesisId": "A", "location": "reseller.py:process_expiry", "message": "sending client name prompt", "data": {"prompt_byte_len": 196, "bare_underscore_in_prompt": false, "parse_mode": null, "prefix_len": 3}, "timestamp": 1780324286534, "runId": "pre-fix"}
{"sessionId": "dd4a47", "hypothesisId": "A", "location": "reseller.py:process_expiry", "message": "client name prompt sent ok", "data": {"state": "client_name"}, "timestamp": 1780324286741, "runId": "pre-fix"}
{"sessionId": "dd4a47", "hypothesisId": "E", "location": "reseller.py:confirm_create", "message": "confirm entry", "data": {"has_volume_gb": true, "has_client_suffix": true, "create_locked": false, "inbound_preview": "ali-client-c179a383"}, "timestamp": 1780324289754, "runId": "post-fix"}
{"sessionId": "dd4a47", "hypothesisId": "F", "location": "reseller_service.py:create_service", "message": "inbound lists", "data": {"allowed": [1, 2], "attach_raw": "[1, 2]", "attach_resolved": [1, 2]}, "timestamp": 1780324289757, "runId": "post-fix"}
{"sessionId": "dd4a47", "hypothesisId": "B", "location": "reseller_service.py:create_service", "message": "panel get_client check", "data": {"inbound_ids": [1, 2]}, "timestamp": 1780324289759, "runId": "pre-fix"}
{"sessionId": "dd4a47", "hypothesisId": "B", "location": "xui/client.py:get_client", "message": "GET client failed", "data": {"is_not_found": true, "error": " (record not found)"}, "timestamp": 1780324294185, "runId": "pre-fix"}
{"sessionId": "dd4a47", "hypothesisId": "B", "location": "reseller_service.py:create_service", "message": "panel get_client result", "data": {"exists_on_panel": false}, "timestamp": 1780324294186, "runId": "pre-fix"}
{"sessionId": "dd4a47", "hypothesisId": "C", "location": "xui/client.py:create_client", "message": "POST clients/add", "data": {"inbound_ids": [1, 2], "has_group": true, "flow_set": false}, "timestamp": 1780324296390, "runId": "pre-fix"}
{"sessionId": "dd4a47", "hypothesisId": "C", "location": "xui/client.py:create_client", "message": "clients/add ok", "data": {"email_len": 19}, "timestamp": 1780324296574, "runId": "pre-fix"}
{"sessionId": "dd4a47", "hypothesisId": "D", "location": "reseller_service.py:create_service", "message": "fetching delivery", "data": {}, "timestamp": 1780324298687, "runId": "pre-fix"}
{"sessionId": "dd4a47", "hypothesisId": "G", "location": "xui/client.py:get_client_delivery", "message": "vless delivery", "data": {"count": 2, "has_hash": [true, true], "fragment_tail": ["ali-client-c179a383-10.00GB%F0%9F%93%8A", "ali-client-c179a383-10.00GB%F0%9F%93%8A"]}, "timestamp": 1780324298992, "runId": "post-fix"}
{"sessionId": "dd4a47", "hypothesisId": "D", "location": "reseller_service.py:create_service", "message": "create_service ok", "data": {"vless_count": 2, "sub_count": 1}, "timestamp": 1780324299139, "runId": "pre-fix"}
{"sessionId": "dd4a47", "hypothesisId": "E", "location": "reseller.py:confirm_create", "message": "create ok", "data": {"email_len": 19}, "timestamp": 1780324299140, "runId": "post-fix"}
{"sessionId": "dd4a47", "hypothesisId": "A", "location": "commands.py:setup_bot_commands", "message": "default scope ok", "data": {"command_count": 1}, "timestamp": 1780341499107, "runId": "post-fix"}
{"sessionId": "dd4a47", "hypothesisId": "A", "location": "commands.py:setup_bot_commands", "message": "admin chat scope ok", "data": {"admin_id": 1105275492, "scope": "chat"}, "timestamp": 1780341499818, "runId": "post-fix"}
{"sessionId": "dd4a47", "hypothesisId": "G", "location": "xui/client.py:get_client_delivery", "message": "vless delivery", "data": {"count": 2, "has_hash": [true, true], "fragment_tail": ["ali-client-c179a383-10.00GB%F0%9F%93%8A", "ali-client-c179a383-10.00GB%F0%9F%93%8A"]}, "timestamp": 1780341603128, "runId": "post-fix"}
{"sessionId": "dd4a47", "hypothesisId": "G", "location": "xui/client.py:get_client_delivery", "message": "vless delivery", "data": {"count": 2, "has_hash": [true, true], "fragment_tail": ["ali-client-c179a383-10.00GB%F0%9F%93%8A", "ali-client-c179a383-10.00GB%F0%9F%93%8A"]}, "timestamp": 1780341606834, "runId": "post-fix"}
{"sessionId": "dd4a47", "hypothesisId": "G", "location": "xui/client.py:get_client_delivery", "message": "vless delivery", "data": {"count": 2, "has_hash": [true, true], "fragment_tail": ["ali-client-c179a383-10.00GB%F0%9F%93%8A", "ali-client-c179a383-10.00GB%F0%9F%93%8A"]}, "timestamp": 1780341609747, "runId": "post-fix"}
{"sessionId": "dd4a47", "hypothesisId": "G", "location": "xui/client.py:get_client_delivery", "message": "vless delivery", "data": {"count": 2, "has_hash": [true, true], "fragment_tail": ["ali-client-c179a383-10.00GB%F0%9F%93%8A", "ali-client-c179a383-10.00GB%F0%9F%93%8A"]}, "timestamp": 1780341618932, "runId": "post-fix"}
{"sessionId": "dd4a47", "hypothesisId": "A", "location": "reseller.py:process_expiry", "message": "sending client name prompt", "data": {"prompt_byte_len": 196, "bare_underscore_in_prompt": false, "parse_mode": null, "prefix_len": 3}, "timestamp": 1780341782711, "runId": "pre-fix"}
{"sessionId": "dd4a47", "hypothesisId": "A", "location": "reseller.py:process_expiry", "message": "client name prompt sent ok", "data": {"state": "client_name"}, "timestamp": 1780341783617, "runId": "pre-fix"}
{"sessionId": "dd4a47", "hypothesisId": "E", "location": "reseller.py:confirm_create", "message": "confirm entry", "data": {"has_volume_gb": true, "has_client_suffix": true, "create_locked": false, "inbound_preview": "ali-client-25ae3027"}, "timestamp": 1780341787407, "runId": "post-fix"}
{"sessionId": "dd4a47", "hypothesisId": "F", "location": "reseller_service.py:create_service", "message": "inbound lists", "data": {"allowed": [1, 2], "attach_raw": "[1, 2]", "attach_resolved": [1, 2]}, "timestamp": 1780341787414, "runId": "post-fix"}
{"sessionId": "dd4a47", "hypothesisId": "A", "location": "commands.py:setup_bot_commands", "message": "default scope ok", "data": {"command_count": 1}, "timestamp": 1780342113092, "runId": "post-fix"}
{"sessionId": "dd4a47", "hypothesisId": "A", "location": "commands.py:setup_bot_commands", "message": "admin chat scope ok", "data": {"admin_id": 1105275492, "scope": "chat"}, "timestamp": 1780342113267, "runId": "post-fix"}
{"sessionId": "dd4a47", "hypothesisId": "A", "location": "commands.py:setup_bot_commands", "message": "default scope ok", "data": {"command_count": 1}, "timestamp": 1780342358026, "runId": "post-fix"}
{"sessionId": "dd4a47", "hypothesisId": "A", "location": "commands.py:setup_bot_commands", "message": "admin chat scope ok", "data": {"admin_id": 1105275492, "scope": "chat"}, "timestamp": 1780342358223, "runId": "post-fix"}
{"sessionId": "dd4a47", "hypothesisId": "E", "location": "reseller.py:confirm_create", "message": "confirm entry", "data": {"has_volume_gb": true, "has_client_suffix": true, "create_locked": false, "inbound_preview": "ali-client-009c4de4"}, "timestamp": 1780342402561, "runId": "post-fix"}
{"sessionId": "dd4a47", "hypothesisId": "F", "location": "reseller_service.py:create_service", "message": "inbound lists", "data": {"allowed": [1, 2], "attach_raw": "[1, 2]", "attach_resolved": [1, 2]}, "timestamp": 1780342402563, "runId": "post-fix"}
{"sessionId": "dd4a47", "hypothesisId": "A", "location": "commands.py:setup_bot_commands", "message": "default scope ok", "data": {"command_count": 1}, "timestamp": 1780343126404, "runId": "post-fix"}
{"sessionId": "dd4a47", "hypothesisId": "A", "location": "commands.py:setup_bot_commands", "message": "admin chat scope ok", "data": {"admin_id": 1105275492, "scope": "chat"}, "timestamp": 1780343126591, "runId": "post-fix"}
{"sessionId": "dd4a47", "hypothesisId": "A", "location": "commands.py:setup_bot_commands", "message": "default scope ok", "data": {"command_count": 1}, "timestamp": 1780343397207, "runId": "post-fix"}
{"sessionId": "dd4a47", "hypothesisId": "A", "location": "commands.py:setup_bot_commands", "message": "admin chat scope ok", "data": {"admin_id": 1105275492, "scope": "chat"}, "timestamp": 1780343397394, "runId": "post-fix"}
{"sessionId": "dd4a47", "hypothesisId": "A", "location": "commands.py:setup_bot_commands", "message": "default scope ok", "data": {"command_count": 1}, "timestamp": 1780344021942, "runId": "post-fix"}
{"sessionId": "dd4a47", "hypothesisId": "A", "location": "commands.py:setup_bot_commands", "message": "admin chat scope ok", "data": {"admin_id": 1105275492, "scope": "chat"}, "timestamp": 1780344022349, "runId": "post-fix"}
{"sessionId": "dd4a47", "hypothesisId": "A", "location": "commands.py:setup_bot_commands", "message": "default scope ok", "data": {"command_count": 1}, "timestamp": 1780344618167, "runId": "post-fix"}
{"sessionId": "dd4a47", "hypothesisId": "A", "location": "commands.py:setup_bot_commands", "message": "admin chat scope ok", "data": {"admin_id": 1105275492, "scope": "chat"}, "timestamp": 1780344618368, "runId": "post-fix"}
{"sessionId": "dd4a47", "hypothesisId": "A", "location": "commands.py:setup_bot_commands", "message": "default scope ok", "data": {"command_count": 1}, "timestamp": 1780344797291, "runId": "post-fix"}
{"sessionId": "dd4a47", "hypothesisId": "A", "location": "commands.py:setup_bot_commands", "message": "admin chat scope ok", "data": {"admin_id": 1105275492, "scope": "chat"}, "timestamp": 1780344797490, "runId": "post-fix"}
{"sessionId": "dd4a47", "hypothesisId": "A", "location": "commands.py:setup_bot_commands", "message": "default scope ok", "data": {"command_count": 1}, "timestamp": 1780345287444, "runId": "post-fix"}
{"sessionId": "dd4a47", "hypothesisId": "A", "location": "commands.py:setup_bot_commands", "message": "admin chat scope ok", "data": {"admin_id": 1105275492, "scope": "chat"}, "timestamp": 1780345287646, "runId": "post-fix"}
{"sessionId": "dd4a47", "hypothesisId": "A", "location": "commands.py:setup_bot_commands", "message": "default scope ok", "data": {"command_count": 1}, "timestamp": 1780345673101, "runId": "post-fix"}
{"sessionId": "dd4a47", "hypothesisId": "A", "location": "commands.py:setup_bot_commands", "message": "admin chat scope ok", "data": {"admin_id": 1105275492, "scope": "chat"}, "timestamp": 1780345673304, "runId": "post-fix"}
